2023-08-01 14:21:03,354 - [error_logger] - [location.search] - ' eval(location'
2023-08-01 14:21:12,117 - [error_logger] - [location.search] - 'console'
2023-08-01 14:21:18,957 - [error_logger] - [location.search] - 'console'
2023-08-01 14:25:24,329 - [error_logger] - [location.search] - ' eval(location'
2023-08-01 14:26:12,930 - [error_logger] - [location.search] - HTTPConnectionPool(host='localhost', port=33143): Max retries exceeded with url: /session/f671959421c622ff4729b98740ebd25b/window (Caused by NewConnectionError('<urllib3.connection.HTTPConnection obje
2023-08-01 14:27:34,307 - [error_logger] - [location.search] - Message: javascript error: Invalid left-hand side expression in postfix operation   (Session info: chrome=114.0.5735.198) Stacktrace: #0 0x5616e1cc54e3 <unknown> #1 0x5616e19f4c76 <unknown> #2 0x5616e
2023-08-01 14:27:39,389 - [error_logger] - [location.search] - 'console'
2023-08-01 14:29:21,782 - [error_logger] - [location.search] - Message: javascript error: Invalid left-hand side in assignment   (Session info: chrome=114.0.5735.198) Stacktrace: #0 0x5630e7db74e3 <unknown> #1 0x5630e7ae6c76 <unknown> #2 0x5630e7aeb53c <unknown> 
2023-08-01 14:31:29,915 - [error_logger] - [location.search] - 'font-family'
2023-08-01 14:32:35,771 - [error_logger] - [location.search] - HTTPConnectionPool(host='localhost', port=33471): Max retries exceeded with url: /session/d57cd1bad0433ae358908ed0b39415af/refresh (Caused by NewConnectionError('<urllib3.connection.HTTPConnection obj
2023-08-01 14:35:54,399 - [error_logger] - [location.search] - Message: javascript error: Invalid left-hand side expression in postfix operation   (Session info: chrome=114.0.5735.198) Stacktrace: #0 0x559cff0ce4e3 <unknown> #1 0x559cfedfdc76 <unknown> #2 0x559cf
2023-08-01 14:36:02,921 - [error_logger] - [location.search] - Message: javascript error: Invalid left-hand side expression in postfix operation   (Session info: chrome=114.0.5735.198) Stacktrace: #0 0x559cff0ce4e3 <unknown> #1 0x559cfedfdc76 <unknown> #2 0x559cf
2023-08-01 14:36:06,645 - [error_logger] - [location.search] - 'console'
2023-08-01 14:44:17,431 - [error_logger] - [location.search] - 'console'
2023-08-01 14:45:16,576 - [error_logger] - [location.search] - Message: javascript error: Invalid left-hand side expression in postfix operation   (Session info: chrome=114.0.5735.198) Stacktrace: #0 0x563e526b74e3 <unknown> #1 0x563e523e6c76 <unknown> #2 0x563e5
2023-08-01 14:45:19,674 - [error_logger] - [location.search] - Message: javascript error: Invalid left-hand side expression in postfix operation   (Session info: chrome=114.0.5735.198) Stacktrace: #0 0x563fc33bd4e3 <unknown> #1 0x563fc30ecc76 <unknown> #2 0x563fc
2023-08-01 14:45:19,865 - [error_logger] - [location.search] - Message: javascript error: Invalid left-hand side in assignment   (Session info: chrome=114.0.5735.198) Stacktrace: #0 0x563fc33bd4e3 <unknown> #1 0x563fc30ecc76 <unknown> #2 0x563fc30f153c <unknown> 
2023-08-01 14:45:20,397 - [error_logger] - [location.search] - Message: javascript error: Invalid left-hand side expression in postfix operation   (Session info: chrome=114.0.5735.198) Stacktrace: #0 0x563e526b74e3 <unknown> #1 0x563e523e6c76 <unknown> #2 0x563e5
2023-08-01 14:45:24,284 - [error_logger] - [location.search] - Message: javascript error: Invalid left-hand side expression in postfix operation   (Session info: chrome=114.0.5735.198) Stacktrace: #0 0x563e526b74e3 <unknown> #1 0x563e523e6c76 <unknown> #2 0x563e5
2023-08-01 14:45:24,483 - [error_logger] - [location.search] - Message: javascript error: Invalid left-hand side expression in postfix operation   (Session info: chrome=114.0.5735.198) Stacktrace: #0 0x563e526b74e3 <unknown> #1 0x563e523e6c76 <unknown> #2 0x563e5
2023-08-01 14:45:24,674 - [error_logger] - [location.search] - Message: javascript error: Invalid left-hand side expression in postfix operation   (Session info: chrome=114.0.5735.198) Stacktrace: #0 0x563e526b74e3 <unknown> #1 0x563e523e6c76 <unknown> #2 0x563e5
2023-08-01 14:45:27,187 - [error_logger] - [location.search] - Message: javascript error: Invalid left-hand side expression in postfix operation   (Session info: chrome=114.0.5735.198) Stacktrace: #0 0x55a4945084e3 <unknown> #1 0x55a494237c76 <unknown> #2 0x55a49
2023-08-01 14:45:37,750 - [error_logger] - [location.search] - Message: javascript error: Unexpected token '<'   (Session info: chrome=114.0.5735.198) Stacktrace: #0 0x55a4945084e3 <unknown> #1 0x55a494237c76 <unknown> #2 0x55a49423c53c <unknown> #3 0x55a49423e48
2023-08-01 14:45:45,491 - [error_logger] - [location.search] - Message: javascript error: Invalid left-hand side expression in postfix operation   (Session info: chrome=114.0.5735.198) Stacktrace: #0 0x563e526b74e3 <unknown> #1 0x563e523e6c76 <unknown> #2 0x563e5
2023-08-01 14:45:45,684 - [error_logger] - [location.search] - Message: javascript error: Invalid left-hand side expression in postfix operation   (Session info: chrome=114.0.5735.198) Stacktrace: #0 0x563e526b74e3 <unknown> #1 0x563e523e6c76 <unknown> #2 0x563e5
2023-08-01 14:45:57,249 - [error_logger] - [location.search] - Message: javascript error: Unexpected identifier 'y'   (Session info: chrome=114.0.5735.198) Stacktrace: #0 0x555e81a5b4e3 <unknown> #1 0x555e8178ac76 <unknown> #2 0x555e8178f53c <unknown> #3 0x555e81
2023-08-01 14:45:58,423 - [error_logger] - [location.search] - Message: javascript error: Invalid left-hand side expression in postfix operation   (Session info: chrome=114.0.5735.198) Stacktrace: #0 0x563fc33bd4e3 <unknown> #1 0x563fc30ecc76 <unknown> #2 0x563fc
2023-08-01 14:46:23,777 - [error_logger] - [window.name] - 'console'
2023-08-01 14:46:29,233 - [error_logger] - [window.name] - 'console'
2023-08-01 14:46:34,410 - [error_logger] - [window.name] - 'console'
2023-08-01 14:47:07,254 - [error_logger] - [window.name] - 'with(document)body'
2023-08-01 14:52:21,796 - [error_logger] - [location.search] - Message: javascript error: Unexpected identifier 'http'   (Session info: chrome=114.0.5735.198) Stacktrace: #0 0x55db0a8b94e3 <unknown> #1 0x55db0a5e8c76 <unknown> #2 0x55db0a5ed53c <unknown> #3 0x55d
2023-08-01 14:52:27,227 - [error_logger] - [location.search] - Message: javascript error: Invalid left-hand side expression in postfix operation   (Session info: chrome=114.0.5735.198) Stacktrace: #0 0x564fd7d044e3 <unknown> #1 0x564fd7a33c76 <unknown> #2 0x564fd
2023-08-01 14:52:28,899 - [error_logger] - [location.search] - Message: javascript error: Unexpected token '<'   (Session info: chrome=114.0.5735.198) Stacktrace: #0 0x55db0a8b94e3 <unknown> #1 0x55db0a5e8c76 <unknown> #2 0x55db0a5ed53c <unknown> #3 0x55db0a5ef48
2023-08-01 14:52:29,190 - [error_logger] - [location.search] - Message: javascript error: Invalid left-hand side expression in postfix operation   (Session info: chrome=114.0.5735.198) Stacktrace: #0 0x5584945f84e3 <unknown> #1 0x558494327c76 <unknown> #2 0x55849
2023-08-01 14:52:34,292 - [error_logger] - [location.search] - Message: javascript error: Invalid left-hand side expression in postfix operation   (Session info: chrome=114.0.5735.198) Stacktrace: #0 0x563e3d4054e3 <unknown> #1 0x563e3d134c76 <unknown> #2 0x563e3
2023-08-01 14:52:37,946 - [error_logger] - [location.search] - Message: javascript error: Invalid left-hand side expression in postfix operation   (Session info: chrome=114.0.5735.198) Stacktrace: #0 0x563e3d4054e3 <unknown> #1 0x563e3d134c76 <unknown> #2 0x563e3
2023-08-01 14:52:38,134 - [error_logger] - [location.search] - Message: javascript error: Invalid left-hand side in assignment   (Session info: chrome=114.0.5735.198) Stacktrace: #0 0x563e3d4054e3 <unknown> #1 0x563e3d134c76 <unknown> #2 0x563e3d13953c <unknown> 
2023-08-01 14:52:42,919 - [error_logger] - [location.search] - Message: javascript error: Unexpected identifier 'y'   (Session info: chrome=114.0.5735.198) Stacktrace: #0 0x55db0a8b94e3 <unknown> #1 0x55db0a5e8c76 <unknown> #2 0x55db0a5ed53c <unknown> #3 0x55db0a
2023-08-01 14:52:46,708 - [error_logger] - [location.search] - Message: javascript error: Invalid left-hand side expression in postfix operation   (Session info: chrome=114.0.5735.198) Stacktrace: #0 0x5584945f84e3 <unknown> #1 0x558494327c76 <unknown> #2 0x55849
2023-08-01 14:52:53,883 - [error_logger] - [location.search] - Message: javascript error: Invalid left-hand side expression in postfix operation   (Session info: chrome=114.0.5735.198) Stacktrace: #0 0x5584945f84e3 <unknown> #1 0x558494327c76 <unknown> #2 0x55849
2023-08-01 14:52:58,763 - [error_logger] - [location.search] - Message: javascript error: Invalid left-hand side expression in postfix operation   (Session info: chrome=114.0.5735.198) Stacktrace: #0 0x564fd7d044e3 <unknown> #1 0x564fd7a33c76 <unknown> #2 0x564fd
2023-08-01 14:53:01,067 - [error_logger] - [location.search] - Message: javascript error: Invalid left-hand side expression in postfix operation   (Session info: chrome=114.0.5735.198) Stacktrace: #0 0x5584945f84e3 <unknown> #1 0x558494327c76 <unknown> #2 0x55849
2023-08-01 14:53:01,263 - [error_logger] - [location.search] - Message: javascript error: Invalid left-hand side expression in postfix operation   (Session info: chrome=114.0.5735.198) Stacktrace: #0 0x5584945f84e3 <unknown> #1 0x558494327c76 <unknown> #2 0x55849
2023-08-01 14:53:02,400 - [error_logger] - [location.search] - Message: javascript error: Invalid left-hand side expression in postfix operation   (Session info: chrome=114.0.5735.198) Stacktrace: #0 0x564fd7d044e3 <unknown> #1 0x564fd7a33c76 <unknown> #2 0x564fd
2023-08-01 14:53:32,952 - [error_logger] - [window.name] - ' eval(location'
2023-08-01 14:53:42,640 - [error_logger] - [window.name] - 'console'
2023-08-01 14:53:43,645 - [error_logger] - [window.name] - 'console'
2023-08-01 14:53:45,133 - [error_logger] - [window.name] - 'console'
2023-08-01 14:55:31,075 - [error_logger] - [location.search] - Message: javascript error: Invalid left-hand side expression in postfix operation   (Session info: chrome=114.0.5735.198) Stacktrace: #0 0x55e9d82474e3 <unknown> #1 0x55e9d7f76c76 <unknown> #2 0x55e9d
2023-08-01 14:55:31,280 - [error_logger] - [location.search] - Message: javascript error: Invalid left-hand side expression in postfix operation   (Session info: chrome=114.0.5735.198) Stacktrace: #0 0x55e9d82474e3 <unknown> #1 0x55e9d7f76c76 <unknown> #2 0x55e9d
2023-08-01 14:55:34,893 - [error_logger] - [location.search] - Message: javascript error: Invalid left-hand side expression in postfix operation   (Session info: chrome=114.0.5735.198) Stacktrace: #0 0x55e9d82474e3 <unknown> #1 0x55e9d7f76c76 <unknown> #2 0x55e9d
2023-08-01 14:55:38,470 - [error_logger] - [location.search] - Message: javascript error: Invalid left-hand side in assignment   (Session info: chrome=114.0.5735.198) Stacktrace: #0 0x5555e5a864e3 <unknown> #1 0x5555e57b5c76 <unknown> #2 0x5555e57ba53c <unknown> 
2023-08-01 14:55:42,972 - [error_logger] - [location.search] - Message: javascript error: Invalid left-hand side expression in postfix operation   (Session info: chrome=114.0.5735.198) Stacktrace: #0 0x556f690ec4e3 <unknown> #1 0x556f68e1bc76 <unknown> #2 0x556f6
2023-08-01 14:55:43,159 - [error_logger] - [location.search] - Message: javascript error: Invalid left-hand side expression in postfix operation   (Session info: chrome=114.0.5735.198) Stacktrace: #0 0x556f690ec4e3 <unknown> #1 0x556f68e1bc76 <unknown> #2 0x556f6
2023-08-01 14:55:45,682 - [error_logger] - [location.search] - Message: javascript error: Invalid left-hand side expression in postfix operation   (Session info: chrome=114.0.5735.198) Stacktrace: #0 0x5555e5a864e3 <unknown> #1 0x5555e57b5c76 <unknown> #2 0x5555e
2023-08-01 14:56:00,715 - [error_logger] - [location.search] - Message: javascript error: Unexpected token '<'   (Session info: chrome=114.0.5735.198) Stacktrace: #0 0x556f690ec4e3 <unknown> #1 0x556f68e1bc76 <unknown> #2 0x556f68e2053c <unknown> #3 0x556f68e2248
2023-08-01 14:56:04,257 - [error_logger] - [location.search] - Message: javascript error: Invalid left-hand side expression in postfix operation   (Session info: chrome=114.0.5735.198) Stacktrace: #0 0x56368fd2e4e3 <unknown> #1 0x56368fa5dc76 <unknown> #2 0x56368
2023-08-01 14:56:04,452 - [error_logger] - [location.search] - Message: javascript error: Unexpected identifier 'y'   (Session info: chrome=114.0.5735.198) Stacktrace: #0 0x56368fd2e4e3 <unknown> #1 0x56368fa5dc76 <unknown> #2 0x56368fa6253c <unknown> #3 0x56368f
2023-08-01 14:56:09,888 - [error_logger] - [location.search] - Message: javascript error: Invalid left-hand side expression in postfix operation   (Session info: chrome=114.0.5735.198) Stacktrace: #0 0x55e9d82474e3 <unknown> #1 0x55e9d7f76c76 <unknown> #2 0x55e9d
2023-08-01 14:56:15,009 - [error_logger] - [location.search] - Message: javascript error: Unexpected identifier 'http'   (Session info: chrome=114.0.5735.198) Stacktrace: #0 0x56368fd2e4e3 <unknown> #1 0x56368fa5dc76 <unknown> #2 0x56368fa6253c <unknown> #3 0x563
2023-08-01 14:56:18,654 - [error_logger] - [location.search] - Message: javascript error: Invalid left-hand side expression in postfix operation   (Session info: chrome=114.0.5735.198) Stacktrace: #0 0x56368fd2e4e3 <unknown> #1 0x56368fa5dc76 <unknown> #2 0x56368
2023-08-01 14:56:20,634 - [error_logger] - [location.search] - Message: javascript error: Invalid left-hand side expression in postfix operation   (Session info: chrome=114.0.5735.198) Stacktrace: #0 0x5555e5a864e3 <unknown> #1 0x5555e57b5c76 <unknown> #2 0x5555e
2023-08-01 14:56:38,901 - [error_logger] - [window.name] - 'console'
2023-08-01 14:56:42,376 - [error_logger] - [window.name] - 'font-family'
2023-08-01 14:56:44,356 - [error_logger] - [window.name] - ' eval(location'
2023-08-01 14:56:51,227 - [error_logger] - [window.name] - 'console'
2023-08-01 16:25:31,075 - [error_logger] - [chromeTabsQuery.favIconUrl] - HTTPConnectionPool(host='localhost', port=47333): Max retries exceeded with url: /session/e136c831378ff1760d179a834853006c/alert/text (Caused by NewConnectionError('<urllib3.connection.HTTPConnection 
