2023-07-21 23:47:19,303 - [error_logger] - [window.addEventListerner('message')] - Message: javascript error: Unexpected token '<'   (Session info: chrome=114.0.5735.198) Stacktrace: #0 0x55e4427cf4e3 <unknown> #1 0x55e4424fec76 <unknown> #2 0x55e44250353c <unknown> #3 0x55e44250548
2023-07-21 23:48:02,324 - [error_logger] - [window.addEventListerner('message')] - HTTPConnectionPool(host='localhost', port=56643): Max retries exceeded with url: /session/839fc76d59645e9aebbb4e73970e2cea/window (Caused by NewConnectionError('<urllib3.connection.HTTPConnection obje
2023-07-21 23:49:56,753 - [error_logger] - [window.addEventListerner('message')] - HTTPConnectionPool(host='localhost', port=56867): Max retries exceeded with url: /session/c20f627566391e1f4dcefe6e7aa73cf0/alert/text (Caused by NewConnectionError('<urllib3.connection.HTTPConnection 
2023-07-21 23:57:51,831 - [error_logger] - [window.addEventListerner('message')] - list indices must be integers or slices, not str
2023-07-21 23:57:57,382 - [error_logger] - [window.addEventListerner('message')] - Message: javascript error: Unexpected token '<'   (Session info: chrome=114.0.5735.198) Stacktrace: #0 0x5570ff9254e3 <unknown> #1 0x5570ff654c76 <unknown> #2 0x5570ff65953c <unknown> #3 0x5570ff65b48
2023-07-21 23:58:19,027 - [error_logger] - [window.addEventListerner('message')] - list indices must be integers or slices, not str
2023-07-21 23:58:22,126 - [error_logger] - [window.addEventListerner('message')] - Message: javascript error: Unexpected token '<'   (Session info: chrome=114.0.5735.198) Stacktrace: #0 0x55b64f6574e3 <unknown> #1 0x55b64f386c76 <unknown> #2 0x55b64f38b53c <unknown> #3 0x55b64f38d48
2023-07-21 23:58:28,310 - [error_logger] - [window.addEventListerner('message')] - list indices must be integers or slices, not str
2023-07-21 23:58:28,323 - [error_logger] - [window.addEventListerner('message')] - HTTPConnectionPool(host='localhost', port=36217): Max retries exceeded with url: /session/83bd7b0a3b53cfd0526d948fc7bced79/execute/sync (Caused by NewConnectionError('<urllib3.connection.HTTPConnectio
2023-07-21 23:58:28,325 - [error_logger] - [window.addEventListerner('message')] - HTTPConnectionPool(host='localhost', port=36217): Max retries exceeded with url: /session/83bd7b0a3b53cfd0526d948fc7bced79/window (Caused by NewConnectionError('<urllib3.connection.HTTPConnection obje
2023-07-21 23:58:43,763 - [error_logger] - [window.addEventListerner('message')] - list indices must be integers or slices, not str
2023-07-21 23:58:47,005 - [error_logger] - [window.addEventListerner('message')] - Message: javascript error: Unexpected token '<'   (Session info: chrome=114.0.5735.198) Stacktrace: #0 0x5578938854e3 <unknown> #1 0x5578935b4c76 <unknown> #2 0x5578935b953c <unknown> #3 0x5578935bb48
2023-07-21 23:59:05,266 - [error_logger] - [window.addEventListerner('message')] - HTTPConnectionPool(host='localhost', port=40833): Max retries exceeded with url: /session/1136d52e1c1494d72c697baaebc68d03/window (Caused by NewConnectionError('<urllib3.connection.HTTPConnection obje
2023-07-21 23:59:18,806 - [error_logger] - [window.addEventListerner('message')] - list indices must be integers or slices, not str
2023-07-21 23:59:51,397 - [error_logger] - [window.addEventListerner('message')] - Message: javascript error: window1 is not defined   (Session info: chrome=114.0.5735.198) Stacktrace: #0 0x55bc0e04a4e3 <unknown> #1 0x55bc0dd79c76 <unknown> #2 0x55bc0dd7e53c <unknown> #3 0x55bc0dd80
2023-07-22 00:00:14,434 - [error_logger] - [window.addEventListerner('message')] - Message: javascript error: window1 is not defined   (Session info: chrome=114.0.5735.198) Stacktrace: #0 0x5631aa6bd4e3 <unknown> #1 0x5631aa3ecc76 <unknown> #2 0x5631aa3f153c <unknown> #3 0x5631aa3f3
2023-07-22 00:00:17,080 - [error_logger] - [window.addEventListerner('message')] - Message: javascript error: windo1w is not defined   (Session info: chrome=114.0.5735.198) Stacktrace: #0 0x5631aa6bd4e3 <unknown> #1 0x5631aa3ecc76 <unknown> #2 0x5631aa3f153c <unknown> #3 0x5631aa3f3
2023-07-22 00:00:21,557 - [error_logger] - [window.addEventListerner('message')] - Message: javascript error: window1 is not defined   (Session info: chrome=114.0.5735.198) Stacktrace: #0 0x5631aa6bd4e3 <unknown> #1 0x5631aa3ecc76 <unknown> #2 0x5631aa3f153c <unknown> #3 0x5631aa3f3
2023-07-22 00:00:21,563 - [error_logger] - [window.addEventListerner('message')] - Message: javascript error: windo1w is not defined   (Session info: chrome=114.0.5735.198) Stacktrace: #0 0x5631aa6bd4e3 <unknown> #1 0x5631aa3ecc76 <unknown> #2 0x5631aa3f153c <unknown> #3 0x5631aa3f3
2023-07-22 00:00:26,106 - [error_logger] - [window.addEventListerner('message')] - Message: javascript error: window1 is not defined   (Session info: chrome=114.0.5735.198) Stacktrace: #0 0x5631aa6bd4e3 <unknown> #1 0x5631aa3ecc76 <unknown> #2 0x5631aa3f153c <unknown> #3 0x5631aa3f3
2023-07-22 00:00:26,113 - [error_logger] - [window.addEventListerner('message')] - Message: javascript error: windo1w is not defined   (Session info: chrome=114.0.5735.198) Stacktrace: #0 0x5631aa6bd4e3 <unknown> #1 0x5631aa3ecc76 <unknown> #2 0x5631aa3f153c <unknown> #3 0x5631aa3f3
2023-07-22 00:00:26,701 - [error_logger] - [window.addEventListerner('message')] - Message: javascript error: window1 is not defined   (Session info: chrome=114.0.5735.198) Stacktrace: #0 0x5631aa6bd4e3 <unknown> #1 0x5631aa3ecc76 <unknown> #2 0x5631aa3f153c <unknown> #3 0x5631aa3f3
2023-07-22 00:00:26,707 - [error_logger] - [window.addEventListerner('message')] - Message: javascript error: windo1w is not defined   (Session info: chrome=114.0.5735.198) Stacktrace: #0 0x5631aa6bd4e3 <unknown> #1 0x5631aa3ecc76 <unknown> #2 0x5631aa3f153c <unknown> #3 0x5631aa3f3
2023-07-22 00:00:27,331 - [error_logger] - [window.addEventListerner('message')] - Message: javascript error: window1 is not defined   (Session info: chrome=114.0.5735.198) Stacktrace: #0 0x5631aa6bd4e3 <unknown> #1 0x5631aa3ecc76 <unknown> #2 0x5631aa3f153c <unknown> #3 0x5631aa3f3
2023-07-22 00:00:27,338 - [error_logger] - [window.addEventListerner('message')] - Message: javascript error: windo1w is not defined   (Session info: chrome=114.0.5735.198) Stacktrace: #0 0x5631aa6bd4e3 <unknown> #1 0x5631aa3ecc76 <unknown> #2 0x5631aa3f153c <unknown> #3 0x5631aa3f3
2023-07-22 00:00:27,438 - [error_logger] - [window.addEventListerner('message')] - Message: javascript error: window1 is not defined   (Session info: chrome=114.0.5735.198) Stacktrace: #0 0x5631aa6bd4e3 <unknown> #1 0x5631aa3ecc76 <unknown> #2 0x5631aa3f153c <unknown> #3 0x5631aa3f3
2023-07-22 00:00:27,445 - [error_logger] - [window.addEventListerner('message')] - Message: javascript error: windo1w is not defined   (Session info: chrome=114.0.5735.198) Stacktrace: #0 0x5631aa6bd4e3 <unknown> #1 0x5631aa3ecc76 <unknown> #2 0x5631aa3f153c <unknown> #3 0x5631aa3f3
2023-07-22 00:00:27,801 - [error_logger] - [window.addEventListerner('message')] - Message: javascript error: window1 is not defined   (Session info: chrome=114.0.5735.198) Stacktrace: #0 0x5631aa6bd4e3 <unknown> #1 0x5631aa3ecc76 <unknown> #2 0x5631aa3f153c <unknown> #3 0x5631aa3f3
2023-07-22 00:00:27,808 - [error_logger] - [window.addEventListerner('message')] - Message: javascript error: windo1w is not defined   (Session info: chrome=114.0.5735.198) Stacktrace: #0 0x5631aa6bd4e3 <unknown> #1 0x5631aa3ecc76 <unknown> #2 0x5631aa3f153c <unknown> #3 0x5631aa3f3
2023-07-22 00:00:27,954 - [error_logger] - [window.addEventListerner('message')] - Message: javascript error: window1 is not defined   (Session info: chrome=114.0.5735.198) Stacktrace: #0 0x5631aa6bd4e3 <unknown> #1 0x5631aa3ecc76 <unknown> #2 0x5631aa3f153c <unknown> #3 0x5631aa3f3
2023-07-22 00:00:27,961 - [error_logger] - [window.addEventListerner('message')] - Message: javascript error: windo1w is not defined   (Session info: chrome=114.0.5735.198) Stacktrace: #0 0x5631aa6bd4e3 <unknown> #1 0x5631aa3ecc76 <unknown> #2 0x5631aa3f153c <unknown> #3 0x5631aa3f3
2023-07-22 00:00:28,291 - [error_logger] - [window.addEventListerner('message')] - Message: javascript error: window1 is not defined   (Session info: chrome=114.0.5735.198) Stacktrace: #0 0x5631aa6bd4e3 <unknown> #1 0x5631aa3ecc76 <unknown> #2 0x5631aa3f153c <unknown> #3 0x5631aa3f3
2023-07-22 00:00:28,297 - [error_logger] - [window.addEventListerner('message')] - Message: javascript error: windo1w is not defined   (Session info: chrome=114.0.5735.198) Stacktrace: #0 0x5631aa6bd4e3 <unknown> #1 0x5631aa3ecc76 <unknown> #2 0x5631aa3f153c <unknown> #3 0x5631aa3f3
2023-07-22 00:00:28,418 - [error_logger] - [window.addEventListerner('message')] - Message: javascript error: window1 is not defined   (Session info: chrome=114.0.5735.198) Stacktrace: #0 0x5631aa6bd4e3 <unknown> #1 0x5631aa3ecc76 <unknown> #2 0x5631aa3f153c <unknown> #3 0x5631aa3f3
2023-07-22 00:00:28,426 - [error_logger] - [window.addEventListerner('message')] - Message: javascript error: windo1w is not defined   (Session info: chrome=114.0.5735.198) Stacktrace: #0 0x5631aa6bd4e3 <unknown> #1 0x5631aa3ecc76 <unknown> #2 0x5631aa3f153c <unknown> #3 0x5631aa3f3
2023-07-22 00:00:28,791 - [error_logger] - [window.addEventListerner('message')] - Message: javascript error: window1 is not defined   (Session info: chrome=114.0.5735.198) Stacktrace: #0 0x5631aa6bd4e3 <unknown> #1 0x5631aa3ecc76 <unknown> #2 0x5631aa3f153c <unknown> #3 0x5631aa3f3
2023-07-22 00:00:28,798 - [error_logger] - [window.addEventListerner('message')] - Message: javascript error: windo1w is not defined   (Session info: chrome=114.0.5735.198) Stacktrace: #0 0x5631aa6bd4e3 <unknown> #1 0x5631aa3ecc76 <unknown> #2 0x5631aa3f153c <unknown> #3 0x5631aa3f3
2023-07-22 00:00:28,943 - [error_logger] - [window.addEventListerner('message')] - Message: javascript error: window1 is not defined   (Session info: chrome=114.0.5735.198) Stacktrace: #0 0x5631aa6bd4e3 <unknown> #1 0x5631aa3ecc76 <unknown> #2 0x5631aa3f153c <unknown> #3 0x5631aa3f3
2023-07-22 00:00:28,950 - [error_logger] - [window.addEventListerner('message')] - Message: javascript error: windo1w is not defined   (Session info: chrome=114.0.5735.198) Stacktrace: #0 0x5631aa6bd4e3 <unknown> #1 0x5631aa3ecc76 <unknown> #2 0x5631aa3f153c <unknown> #3 0x5631aa3f3
2023-07-22 00:00:29,303 - [error_logger] - [window.addEventListerner('message')] - Message: javascript error: window1 is not defined   (Session info: chrome=114.0.5735.198) Stacktrace: #0 0x5631aa6bd4e3 <unknown> #1 0x5631aa3ecc76 <unknown> #2 0x5631aa3f153c <unknown> #3 0x5631aa3f3
2023-07-22 00:00:29,312 - [error_logger] - [window.addEventListerner('message')] - Message: javascript error: windo1w is not defined   (Session info: chrome=114.0.5735.198) Stacktrace: #0 0x5631aa6bd4e3 <unknown> #1 0x5631aa3ecc76 <unknown> #2 0x5631aa3f153c <unknown> #3 0x5631aa3f3
2023-07-22 00:00:29,445 - [error_logger] - [window.addEventListerner('message')] - ('Connection aborted.', RemoteDisconnected('Remote end closed connection without response'))
2023-07-22 00:00:54,437 - [error_logger] - [window.addEventListerner('message')] - HTTPConnectionPool(host='localhost', port=42189): Max retries exceeded with url: /session/5f5531dda7787045da0c301f48028e9d/window (Caused by NewConnectionError('<urllib3.connection.HTTPConnection obje
